
 --------------------------------------
 Starting ... at YYYY MM DD HH MM SS = 
                 2022  3 17  9 47 33
 Program preprocess
 --------------------------------------

  set_nml_output Echo NML values to log file only
 Path names of default obs_def and obs_qty modules
 ../../../observations/forward_operators/DEFAULT_obs_def_mod.F90
 ../../../assimilation_code/modules/observations/DEFAULT_obs_kind_mod.F90
 Path names of output obs_def and obs_qty modules
 ../../../observations/forward_operators/obs_def_mod.f90
 ../../../assimilation_code/modules/observations/obs_kind_mod.f90
 INPUT obs_def files:
 ../../../observations/forward_operators/obs_def_cice_mod.f90
 INPUT quantity files:
 ../../../assimilation_code/modules/observations/seaice_quantities_mod.f90
 ../../../assimilation_code/modules/observations/ocean_quantities_mod.f90
  preprocess Finished successfully.

 --------------------------------------
 Finished ... at YYYY MM DD HH MM SS = 
                 2022  3 17  9 47 33
 Program preprocess
 --------------------------------------

